[0716/022936.495:INFO:CONSOLE(1)] "Long rAF frame-time", source: file:///C:/Program%20Files/Adobe/Adobe%20Photoshop%202021%20(Prerelease)/Required/www-rich-tooltips/build/external.js (1)
[0716/062441.469:ERROR:media_internals.cc(112)] Cannot get RenderProcessHost
[0716/063033.326:INFO:CONSOLE(1)] "Hiding message due to error: Could not find the screen of the target", source: file:///C:/Program%20Files/Adobe/Adobe%20Photoshop%202021%20(Prerelease)/Required/www-butler/build/spaces.js (1)
[0716/152846.481:WARNING:dns_config_service_win.cc(668)] Failed to read DnsConfig.
[0716/152851.531:WARNING:dns_config_service_win.cc(668)] Failed to read DnsConfig.
[0716/152856.544:WARNING:dns_config_service_win.cc(668)] Failed to read DnsConfig.
[0716/152901.561:WARNING:dns_config_service_win.cc(668)] Failed to read DnsConfig.
[0716/192246.932:WARNING:dns_config_service_win.cc(668)] Failed to read DnsConfig.
[0716/192251.944:WARNING:dns_config_service_win.cc(668)] Failed to read DnsConfig.
[0716/192256.955:WARNING:dns_config_service_win.cc(668)] Failed to read DnsConfig.
[0716/192301.960:WARNING:dns_config_service_win.cc(668)] Failed to read DnsConfig.
[0716/192306.967:WARNING:dns_config_service_win.cc(668)] Failed to read DnsConfig.
[0716/192311.982:WARNING:dns_config_service_win.cc(668)] Failed to read DnsConfig.
[0716/192316.989:WARNING:dns_config_service_win.cc(668)] Failed to read DnsConfig.
[0716/192321.992:WARNING:dns_config_service_win.cc(668)] Failed to read DnsConfig.
[0716/192327.008:WARNING:dns_config_service_win.cc(668)] Failed to read DnsConfig.
[0716/192332.017:WARNING:dns_config_service_win.cc(668)] Failed to read DnsConfig.
[0716/192337.036:WARNING:dns_config_service_win.cc(668)] Failed to read DnsConfig.
[0716/192342.050:WARNING:dns_config_service_win.cc(668)] Failed to read DnsConfig.
[0716/192347.056:WARNING:dns_config_service_win.cc(668)] Failed to read DnsConfig.
[0716/192352.078:WARNING:dns_config_service_win.cc(668)] Failed to read DnsConfig.
[0716/192357.083:WARNING:dns_config_service_win.cc(668)] Failed to read DnsConfig.
[0716/192402.096:WARNING:dns_config_service_win.cc(668)] Failed to read DnsConfig.
[0716/192407.100:WARNING:dns_config_service_win.cc(668)] Failed to read DnsConfig.
[0716/192412.120:WARNING:dns_config_service_win.cc(668)] Failed to read DnsConfig.
[0716/192417.133:WARNING:dns_config_service_win.cc(668)] Failed to read DnsConfig.
[0716/192422.150:WARNING:dns_config_service_win.cc(668)] Failed to read DnsConfig.
[0716/192427.156:WARNING:dns_config_service_win.cc(668)] Failed to read DnsConfig.
[0716/192432.172:WARNING:dns_config_service_win.cc(668)] Failed to read DnsConfig.
[0716/192437.189:WARNING:dns_config_service_win.cc(668)] Failed to read DnsConfig.
[0716/192442.206:WARNING:dns_config_service_win.cc(668)] Failed to read DnsConfig.
[0716/192447.215:WARNING:dns_config_service_win.cc(668)] Failed to read DnsConfig.
[0716/192452.226:WARNING:dns_config_service_win.cc(668)] Failed to read DnsConfig.
[0716/192457.245:WARNING:dns_config_service_win.cc(668)] Failed to read DnsConfig.
[0716/192502.252:WARNING:dns_config_service_win.cc(668)] Failed to read DnsConfig.
[0716/192507.267:WARNING:dns_config_service_win.cc(668)] Failed to read DnsConfig.
[0716/192512.279:WARNING:dns_config_service_win.cc(668)] Failed to read DnsConfig.
[0716/192517.290:WARNING:dns_config_service_win.cc(668)] Failed to read DnsConfig.
[0716/192522.302:WARNING:dns_config_service_win.cc(668)] Failed to read DnsConfig.
[0716/192527.320:WARNING:dns_config_service_win.cc(668)] Failed to read DnsConfig.
[0716/192532.326:WARNING:dns_config_service_win.cc(668)] Failed to read DnsConfig.
[0716/192537.335:WARNING:dns_config_service_win.cc(668)] Failed to read DnsConfig.
[0716/192542.347:WARNING:dns_config_service_win.cc(668)] Failed to read DnsConfig.
[0716/192547.367:WARNING:dns_config_service_win.cc(668)] Failed to read DnsConfig.
[0716/192552.384:WARNING:dns_config_service_win.cc(668)] Failed to read DnsConfig.
[0716/192557.400:WARNING:dns_config_service_win.cc(668)] Failed to read DnsConfig.
[0716/192602.405:WARNING:dns_config_service_win.cc(668)] Failed to read DnsConfig.
[0716/192607.416:WARNING:dns_config_service_win.cc(668)] Failed to read DnsConfig.
[0716/192612.430:WARNING:dns_config_service_win.cc(668)] Failed to read DnsConfig.
[0716/192617.439:WARNING:dns_config_service_win.cc(668)] Failed to read DnsConfig.
[0716/192622.454:WARNING:dns_config_service_win.cc(668)] Failed to read DnsConfig.
[0716/192627.462:WARNING:dns_config_service_win.cc(668)] Failed to read DnsConfig.
[0716/192632.481:WARNING:dns_config_service_win.cc(668)] Failed to read DnsConfig.
[0716/192637.489:WARNING:dns_config_service_win.cc(668)] Failed to read DnsConfig.
[0716/192642.504:WARNING:dns_config_service_win.cc(668)] Failed to read DnsConfig.
[0716/192647.511:WARNING:dns_config_service_win.cc(668)] Failed to read DnsConfig.
[0716/192652.526:WARNING:dns_config_service_win.cc(668)] Failed to read DnsConfig.
[0716/192657.540:WARNING:dns_config_service_win.cc(668)] Failed to read DnsConfig.
[0716/192702.555:WARNING:dns_config_service_win.cc(668)] Failed to read DnsConfig.
[0716/192707.561:WARNING:dns_config_service_win.cc(668)] Failed to read DnsConfig.
[0716/192712.568:WARNING:dns_config_service_win.cc(668)] Failed to read DnsConfig.
[0716/192717.580:WARNING:dns_config_service_win.cc(668)] Failed to read DnsConfig.
[0716/192722.599:WARNING:dns_config_service_win.cc(668)] Failed to read DnsConfig.
[0716/192727.606:WARNING:dns_config_service_win.cc(668)] Failed to read DnsConfig.
[0716/192732.610:WARNING:dns_config_service_win.cc(668)] Failed to read DnsConfig.
[0716/192737.625:WARNING:dns_config_service_win.cc(668)] Failed to read DnsConfig.
[0716/192742.643:WARNING:dns_config_service_win.cc(668)] Failed to read DnsConfig.
[0716/192747.650:WARNING:dns_config_service_win.cc(668)] Failed to read DnsConfig.
[0716/192752.665:WARNING:dns_config_service_win.cc(668)] Failed to read DnsConfig.
[0716/192757.681:WARNING:dns_config_service_win.cc(668)] Failed to read DnsConfig.
[0716/192802.694:WARNING:dns_config_service_win.cc(668)] Failed to read DnsConfig.
[0716/192807.703:WARNING:dns_config_service_win.cc(668)] Failed to read DnsConfig.
[0716/192812.716:WARNING:dns_config_service_win.cc(668)] Failed to read DnsConfig.
[0716/192817.723:WARNING:dns_config_service_win.cc(668)] Failed to read DnsConfig.
[0716/192822.734:WARNING:dns_config_service_win.cc(668)] Failed to read DnsConfig.
[0716/192827.748:WARNING:dns_config_service_win.cc(668)] Failed to read DnsConfig.
[0716/192832.756:WARNING:dns_config_service_win.cc(668)] Failed to read DnsConfig.
[0716/192837.770:WARNING:dns_config_service_win.cc(668)] Failed to read DnsConfig.
[0716/192842.787:WARNING:dns_config_service_win.cc(668)] Failed to read DnsConfig.
[0716/192847.804:WARNING:dns_config_service_win.cc(668)] Failed to read DnsConfig.
[0716/192852.818:WARNING:dns_config_service_win.cc(668)] Failed to read DnsConfig.
[0716/192857.831:WARNING:dns_config_service_win.cc(668)] Failed to read DnsConfig.
[0716/192902.837:WARNING:dns_config_service_win.cc(668)] Failed to read DnsConfig.
[0716/192907.850:WARNING:dns_config_service_win.cc(668)] Failed to read DnsConfig.
[0716/192912.858:WARNING:dns_config_service_win.cc(668)] Failed to read DnsConfig.
[0716/192917.866:WARNING:dns_config_service_win.cc(668)] Failed to read DnsConfig.
[0716/192922.878:WARNING:dns_config_service_win.cc(668)] Failed to read DnsConfig.
[0716/192927.894:WARNING:dns_config_service_win.cc(668)] Failed to read DnsConfig.
[0716/192932.903:WARNING:dns_config_service_win.cc(668)] Failed to read DnsConfig.
[0716/192937.920:WARNING:dns_config_service_win.cc(668)] Failed to read DnsConfig.
[0716/192942.932:WARNING:dns_config_service_win.cc(668)] Failed to read DnsConfig.
[0716/192947.947:WARNING:dns_config_service_win.cc(668)] Failed to read DnsConfig.
[0716/192952.959:WARNING:dns_config_service_win.cc(668)] Failed to read DnsConfig.
[0716/192957.968:WARNING:dns_config_service_win.cc(668)] Failed to read DnsConfig.
[0716/193002.971:WARNING:dns_config_service_win.cc(668)] Failed to read DnsConfig.
[0716/193007.981:WARNING:dns_config_service_win.cc(668)] Failed to read DnsConfig.
[0716/193012.998:WARNING:dns_config_service_win.cc(668)] Failed to read DnsConfig.
[0716/193018.001:WARNING:dns_config_service_win.cc(668)] Failed to read DnsConfig.
[0716/193023.011:WARNING:dns_config_service_win.cc(668)] Failed to read DnsConfig.
[0716/193028.027:WARNING:dns_config_service_win.cc(668)] Failed to read DnsConfig.
[0716/193033.031:WARNING:dns_config_service_win.cc(668)] Failed to read DnsConfig.
[0716/193038.040:WARNING:dns_config_service_win.cc(668)] Failed to read DnsConfig.
[0716/193043.052:WARNING:dns_config_service_win.cc(668)] Failed to read DnsConfig.
[0716/193048.068:WARNING:dns_config_service_win.cc(668)] Failed to read DnsConfig.
[0716/193053.075:WARNING:dns_config_service_win.cc(668)] Failed to read DnsConfig.
[0716/193058.081:WARNING:dns_config_service_win.cc(668)] Failed to read DnsConfig.
[0716/193103.085:WARNING:dns_config_service_win.cc(668)] Failed to read DnsConfig.
[0716/193108.096:WARNING:dns_config_service_win.cc(668)] Failed to read DnsConfig.
[0716/193113.108:WARNING:dns_config_service_win.cc(668)] Failed to read DnsConfig.
[0716/193118.125:WARNING:dns_config_service_win.cc(668)] Failed to read DnsConfig.
[0716/193123.132:WARNING:dns_config_service_win.cc(668)] Failed to read DnsConfig.
[0716/193128.143:WARNING:dns_config_service_win.cc(668)] Failed to read DnsConfig.
[0716/193133.157:WARNING:dns_config_service_win.cc(668)] Failed to read DnsConfig.
[0716/193138.167:WARNING:dns_config_service_win.cc(668)] Failed to read DnsConfig.
[0716/193143.183:WARNING:dns_config_service_win.cc(668)] Failed to read DnsConfig.
[0716/193148.193:WARNING:dns_config_service_win.cc(668)] Failed to read DnsConfig.
[0716/193153.196:WARNING:dns_config_service_win.cc(668)] Failed to read DnsConfig.
[0716/193158.208:WARNING:dns_config_service_win.cc(668)] Failed to read DnsConfig.
[0716/193203.214:WARNING:dns_config_service_win.cc(668)] Failed to read DnsConfig.
[0716/193208.221:WARNING:dns_config_service_win.cc(668)] Failed to read DnsConfig.
[0716/193213.235:WARNING:dns_config_service_win.cc(668)] Failed to read DnsConfig.
[0716/193218.242:WARNING:dns_config_service_win.cc(668)] Failed to read DnsConfig.
[0716/193223.255:WARNING:dns_config_service_win.cc(668)] Failed to read DnsConfig.
[0716/193228.272:WARNING:dns_config_service_win.cc(668)] Failed to read DnsConfig.
[0716/193233.276:WARNING:dns_config_service_win.cc(668)] Failed to read DnsConfig.
[0716/193238.284:WARNING:dns_config_service_win.cc(668)] Failed to read DnsConfig.
[0716/193243.289:WARNING:dns_config_service_win.cc(668)] Failed to read DnsConfig.
[0716/193248.295:WARNING:dns_config_service_win.cc(668)] Failed to read DnsConfig.
[0716/193253.308:WARNING:dns_config_service_win.cc(668)] Failed to read DnsConfig.
[0716/193258.323:WARNING:dns_config_service_win.cc(668)] Failed to read DnsConfig.
[0716/193303.337:WARNING:dns_config_service_win.cc(668)] Failed to read DnsConfig.
[0716/193308.356:WARNING:dns_config_service_win.cc(668)] Failed to read DnsConfig.
[0716/193313.370:WARNING:dns_config_service_win.cc(668)] Failed to read DnsConfig.
[0716/193318.384:WARNING:dns_config_service_win.cc(668)] Failed to read DnsConfig.
[0716/193323.401:WARNING:dns_config_service_win.cc(668)] Failed to read DnsConfig.
[0716/193328.412:WARNING:dns_config_service_win.cc(668)] Failed to read DnsConfig.
[0716/193333.424:WARNING:dns_config_service_win.cc(668)] Failed to read DnsConfig.
[0716/193338.439:WARNING:dns_config_service_win.cc(668)] Failed to read DnsConfig.
[0716/193343.442:WARNING:dns_config_service_win.cc(668)] Failed to read DnsConfig.
[0716/193348.458:WARNING:dns_config_service_win.cc(668)] Failed to read DnsConfig.
[0716/193353.473:WARNING:dns_config_service_win.cc(668)] Failed to read DnsConfig.
[0716/193358.478:WARNING:dns_config_service_win.cc(668)] Failed to read DnsConfig.
[0716/193403.483:WARNING:dns_config_service_win.cc(668)] Failed to read DnsConfig.
[0716/193408.495:WARNING:dns_config_service_win.cc(668)] Failed to read DnsConfig.
[0716/193413.511:WARNING:dns_config_service_win.cc(668)] Failed to read DnsConfig.
[0716/193418.520:WARNING:dns_config_service_win.cc(668)] Failed to read DnsConfig.
[0716/193423.537:WARNING:dns_config_service_win.cc(668)] Failed to read DnsConfig.
[0716/193428.547:WARNING:dns_config_service_win.cc(668)] Failed to read DnsConfig.
[0716/193433.557:WARNING:dns_config_service_win.cc(668)] Failed to read DnsConfig.
[0716/193438.573:WARNING:dns_config_service_win.cc(668)] Failed to read DnsConfig.
[0716/193443.580:WARNING:dns_config_service_win.cc(668)] Failed to read DnsConfig.
[0716/193448.595:WARNING:dns_config_service_win.cc(668)] Failed to read DnsConfig.
[0716/193453.603:WARNING:dns_config_service_win.cc(668)] Failed to read DnsConfig.
[0716/193458.609:WARNING:dns_config_service_win.cc(668)] Failed to read DnsConfig.
[0716/193503.622:WARNING:dns_config_service_win.cc(668)] Failed to read DnsConfig.
[0716/193508.629:WARNING:dns_config_service_win.cc(668)] Failed to read DnsConfig.
[0716/193513.639:WARNING:dns_config_service_win.cc(668)] Failed to read DnsConfig.
[0716/193518.645:WARNING:dns_config_service_win.cc(668)] Failed to read DnsConfig.
[0716/193523.656:WARNING:dns_config_service_win.cc(668)] Failed to read DnsConfig.
[0716/193528.660:WARNING:dns_config_service_win.cc(668)] Failed to read DnsConfig.
[0716/193533.674:WARNING:dns_config_service_win.cc(668)] Failed to read DnsConfig.
[0716/193538.693:WARNING:dns_config_service_win.cc(668)] Failed to read DnsConfig.
[0716/193543.701:WARNING:dns_config_service_win.cc(668)] Failed to read DnsConfig.
[0716/193548.719:WARNING:dns_config_service_win.cc(668)] Failed to read DnsConfig.
[0716/193553.724:WARNING:dns_config_service_win.cc(668)] Failed to read DnsConfig.
[0716/193558.735:WARNING:dns_config_service_win.cc(668)] Failed to read DnsConfig.
[0716/193603.754:WARNING:dns_config_service_win.cc(668)] Failed to read DnsConfig.
[0716/193608.760:WARNING:dns_config_service_win.cc(668)] Failed to read DnsConfig.
[0716/193613.777:WARNING:dns_config_service_win.cc(668)] Failed to read DnsConfig.
[0716/193618.792:WARNING:dns_config_service_win.cc(668)] Failed to read DnsConfig.
[0716/193623.801:WARNING:dns_config_service_win.cc(668)] Failed to read DnsConfig.
[0716/193628.807:WARNING:dns_config_service_win.cc(668)] Failed to read DnsConfig.
[0716/193633.824:WARNING:dns_config_service_win.cc(668)] Failed to read DnsConfig.
[0716/193638.829:WARNING:dns_config_service_win.cc(668)] Failed to read DnsConfig.
[0716/193643.832:WARNING:dns_config_service_win.cc(668)] Failed to read DnsConfig.
[0716/193648.848:WARNING:dns_config_service_win.cc(668)] Failed to read DnsConfig.
[0716/193653.854:WARNING:dns_config_service_win.cc(668)] Failed to read DnsConfig.
[0716/193658.870:WARNING:dns_config_service_win.cc(668)] Failed to read DnsConfig.
[0716/193703.878:WARNING:dns_config_service_win.cc(668)] Failed to read DnsConfig.
[0716/193708.884:WARNING:dns_config_service_win.cc(668)] Failed to read DnsConfig.
[0716/193713.891:WARNING:dns_config_service_win.cc(668)] Failed to read DnsConfig.
[0716/193718.901:WARNING:dns_config_service_win.cc(668)] Failed to read DnsConfig.
[0716/193723.910:WARNING:dns_config_service_win.cc(668)] Failed to read DnsConfig.
[0716/193728.922:WARNING:dns_config_service_win.cc(668)] Failed to read DnsConfig.
[0716/193733.936:WARNING:dns_config_service_win.cc(668)] Failed to read DnsConfig.
[0716/193738.955:WARNING:dns_config_service_win.cc(668)] Failed to read DnsConfig.
[0716/193743.961:WARNING:dns_config_service_win.cc(668)] Failed to read DnsConfig.
[0716/193748.974:WARNING:dns_config_service_win.cc(668)] Failed to read DnsConfig.
[0716/193753.983:WARNING:dns_config_service_win.cc(668)] Failed to read DnsConfig.
[0716/193758.988:WARNING:dns_config_service_win.cc(668)] Failed to read DnsConfig.
[0716/193804.002:WARNING:dns_config_service_win.cc(668)] Failed to read DnsConfig.
[0716/193809.010:WARNING:dns_config_service_win.cc(668)] Failed to read DnsConfig.
[0716/193814.027:WARNING:dns_config_service_win.cc(668)] Failed to read DnsConfig.
[0716/193819.035:WARNING:dns_config_service_win.cc(668)] Failed to read DnsConfig.
[0716/193824.041:WARNING:dns_config_service_win.cc(668)] Failed to read DnsConfig.
[0716/193829.048:WARNING:dns_config_service_win.cc(668)] Failed to read DnsConfig.
[0716/193834.056:WARNING:dns_config_service_win.cc(668)] Failed to read DnsConfig.
[0716/193839.068:WARNING:dns_config_service_win.cc(668)] Failed to read DnsConfig.
[0716/193844.079:WARNING:dns_config_service_win.cc(668)] Failed to read DnsConfig.
[0716/193849.097:WARNING:dns_config_service_win.cc(668)] Failed to read DnsConfig.
[0716/193854.108:WARNING:dns_config_service_win.cc(668)] Failed to read DnsConfig.
[0716/193859.123:WARNING:dns_config_service_win.cc(668)] Failed to read DnsConfig.
[0716/193904.137:WARNING:dns_config_service_win.cc(668)] Failed to read DnsConfig.
[0716/193909.148:WARNING:dns_config_service_win.cc(668)] Failed to read DnsConfig.
[0716/193914.168:WARNING:dns_config_service_win.cc(668)] Failed to read DnsConfig.
[0716/193919.175:WARNING:dns_config_service_win.cc(668)] Failed to read DnsConfig.
[0716/193924.187:WARNING:dns_config_service_win.cc(668)] Failed to read DnsConfig.
[0716/193929.196:WARNING:dns_config_service_win.cc(668)] Failed to read DnsConfig.
[0716/193934.207:WARNING:dns_config_service_win.cc(668)] Failed to read DnsConfig.
[0716/193939.220:WARNING:dns_config_service_win.cc(668)] Failed to read DnsConfig.
[0716/193944.229:WARNING:dns_config_service_win.cc(668)] Failed to read DnsConfig.
[0716/193949.240:WARNING:dns_config_service_win.cc(668)] Failed to read DnsConfig.
[0716/193954.248:WARNING:dns_config_service_win.cc(668)] Failed to read DnsConfig.
[0716/193959.264:WARNING:dns_config_service_win.cc(668)] Failed to read DnsConfig.
[0716/194004.273:WARNING:dns_config_service_win.cc(668)] Failed to read DnsConfig.
[0716/194009.290:WARNING:dns_config_service_win.cc(668)] Failed to read DnsConfig.
[0716/194014.301:WARNING:dns_config_service_win.cc(668)] Failed to read DnsConfig.
[0716/194019.309:WARNING:dns_config_service_win.cc(668)] Failed to read DnsConfig.
[0716/194024.323:WARNING:dns_config_service_win.cc(668)] Failed to read DnsConfig.
[0716/194029.338:WARNING:dns_config_service_win.cc(668)] Failed to read DnsConfig.
[0716/194034.347:WARNING:dns_config_service_win.cc(668)] Failed to read DnsConfig.
[0716/194039.351:WARNING:dns_config_service_win.cc(668)] Failed to read DnsConfig.
[0716/194044.368:WARNING:dns_config_service_win.cc(668)] Failed to read DnsConfig.
[0716/194049.377:WARNING:dns_config_service_win.cc(668)] Failed to read DnsConfig.
[0716/194054.389:WARNING:dns_config_service_win.cc(668)] Failed to read DnsConfig.
[0716/194059.405:WARNING:dns_config_service_win.cc(668)] Failed to read DnsConfig.
[0716/194104.416:WARNING:dns_config_service_win.cc(668)] Failed to read DnsConfig.
[0716/194109.429:WARNING:dns_config_service_win.cc(668)] Failed to read DnsConfig.
[0716/194114.445:WARNING:dns_config_service_win.cc(668)] Failed to read DnsConfig.
[0716/194119.455:WARNING:dns_config_service_win.cc(668)] Failed to read DnsConfig.
[0716/194124.459:WARNING:dns_config_service_win.cc(668)] Failed to read DnsConfig.
[0716/194129.465:WARNING:dns_config_service_win.cc(668)] Failed to read DnsConfig.
[0716/194134.484:WARNING:dns_config_service_win.cc(668)] Failed to read DnsConfig.
[0716/194139.490:WARNING:dns_config_service_win.cc(668)] Failed to read DnsConfig.
[0716/194144.503:WARNING:dns_config_service_win.cc(668)] Failed to read DnsConfig.
[0716/194149.520:WARNING:dns_config_service_win.cc(668)] Failed to read DnsConfig.
[0716/194154.531:WARNING:dns_config_service_win.cc(668)] Failed to read DnsConfig.
[0716/194159.541:WARNING:dns_config_service_win.cc(668)] Failed to read DnsConfig.
[0716/194204.559:WARNING:dns_config_service_win.cc(668)] Failed to read DnsConfig.
[0716/194209.562:WARNING:dns_config_service_win.cc(668)] Failed to read DnsConfig.
[0716/194214.580:WARNING:dns_config_service_win.cc(668)] Failed to read DnsConfig.
[0716/194219.596:WARNING:dns_config_service_win.cc(668)] Failed to read DnsConfig.
[0716/194224.608:WARNING:dns_config_service_win.cc(668)] Failed to read DnsConfig.
[0716/194229.611:WARNING:dns_config_service_win.cc(668)] Failed to read DnsConfig.
[0716/194234.628:WARNING:dns_config_service_win.cc(668)] Failed to read DnsConfig.
[0716/194239.639:WARNING:dns_config_service_win.cc(668)] Failed to read DnsConfig.
[0716/194244.655:WARNING:dns_config_service_win.cc(668)] Failed to read DnsConfig.
[0716/194249.661:WARNING:dns_config_service_win.cc(668)] Failed to read DnsConfig.
[0716/194254.668:WARNING:dns_config_service_win.cc(668)] Failed to read DnsConfig.
[0716/194259.682:WARNING:dns_config_service_win.cc(668)] Failed to read DnsConfig.
[0716/194304.698:WARNING:dns_config_service_win.cc(668)] Failed to read DnsConfig.
[0716/194309.704:WARNING:dns_config_service_win.cc(668)] Failed to read DnsConfig.
[0716/194314.715:WARNING:dns_config_service_win.cc(668)] Failed to read DnsConfig.
[0716/194319.724:WARNING:dns_config_service_win.cc(668)] Failed to read DnsConfig.
[0716/194324.728:WARNING:dns_config_service_win.cc(668)] Failed to read DnsConfig.
[0716/194329.736:WARNING:dns_config_service_win.cc(668)] Failed to read DnsConfig.
[0716/194334.754:WARNING:dns_config_service_win.cc(668)] Failed to read DnsConfig.
[0716/194339.768:WARNING:dns_config_service_win.cc(668)] Failed to read DnsConfig.
[0716/194344.778:WARNING:dns_config_service_win.cc(668)] Failed to read DnsConfig.
[0716/194349.789:WARNING:dns_config_service_win.cc(668)] Failed to read DnsConfig.
[0716/194354.808:WARNING:dns_config_service_win.cc(668)] Failed to read DnsConfig.
[0716/194359.824:WARNING:dns_config_service_win.cc(668)] Failed to read DnsConfig.
[0716/194404.834:WARNING:dns_config_service_win.cc(668)] Failed to read DnsConfig.
[0716/194409.845:WARNING:dns_config_service_win.cc(668)] Failed to read DnsConfig.
[0716/194414.859:WARNING:dns_config_service_win.cc(668)] Failed to read DnsConfig.
[0716/194419.874:WARNING:dns_config_service_win.cc(668)] Failed to read DnsConfig.
[0716/194424.886:WARNING:dns_config_service_win.cc(668)] Failed to read DnsConfig.
[0716/194429.891:WARNING:dns_config_service_win.cc(668)] Failed to read DnsConfig.
[0716/194434.910:WARNING:dns_config_service_win.cc(668)] Failed to read DnsConfig.
[0716/194439.929:WARNING:dns_config_service_win.cc(668)] Failed to read DnsConfig.
[0716/194444.945:WARNING:dns_config_service_win.cc(668)] Failed to read DnsConfig.
[0716/194449.963:WARNING:dns_config_service_win.cc(668)] Failed to read DnsConfig.
[0716/194454.970:WARNING:dns_config_service_win.cc(668)] Failed to read DnsConfig.
[0716/194459.982:WARNING:dns_config_service_win.cc(668)] Failed to read DnsConfig.
[0716/194504.993:WARNING:dns_config_service_win.cc(668)] Failed to read DnsConfig.
[0716/194510.011:WARNING:dns_config_service_win.cc(668)] Failed to read DnsConfig.
[0716/194515.022:WARNING:dns_config_service_win.cc(668)] Failed to read DnsConfig.
[0716/194520.041:WARNING:dns_config_service_win.cc(668)] Failed to read DnsConfig.
[0716/194525.050:WARNING:dns_config_service_win.cc(668)] Failed to read DnsConfig.
[0716/194530.065:WARNING:dns_config_service_win.cc(668)] Failed to read DnsConfig.
[0716/194535.072:WARNING:dns_config_service_win.cc(668)] Failed to read DnsConfig.
[0716/194540.082:WARNING:dns_config_service_win.cc(668)] Failed to read DnsConfig.
[0716/194545.100:WARNING:dns_config_service_win.cc(668)] Failed to read DnsConfig.
[0716/194550.103:WARNING:dns_config_service_win.cc(668)] Failed to read DnsConfig.
[0716/194555.110:WARNING:dns_config_service_win.cc(668)] Failed to read DnsConfig.
[0716/194600.129:WARNING:dns_config_service_win.cc(668)] Failed to read DnsConfig.
[0716/194605.137:WARNING:dns_config_service_win.cc(668)] Failed to read DnsConfig.
[0716/194610.146:WARNING:dns_config_service_win.cc(668)] Failed to read DnsConfig.
[0716/194615.154:WARNING:dns_config_service_win.cc(668)] Failed to read DnsConfig.
[0716/194620.164:WARNING:dns_config_service_win.cc(668)] Failed to read DnsConfig.
[0716/194625.174:WARNING:dns_config_service_win.cc(668)] Failed to read DnsConfig.
[0716/194630.183:WARNING:dns_config_service_win.cc(668)] Failed to read DnsConfig.
[0716/194635.188:WARNING:dns_config_service_win.cc(668)] Failed to read DnsConfig.
[0716/194640.198:WARNING:dns_config_service_win.cc(668)] Failed to read DnsConfig.
[0716/194645.215:WARNING:dns_config_service_win.cc(668)] Failed to read DnsConfig.
[0716/194650.223:WARNING:dns_config_service_win.cc(668)] Failed to read DnsConfig.
[0716/194655.235:WARNING:dns_config_service_win.cc(668)] Failed to read DnsConfig.
[0716/194700.245:WARNING:dns_config_service_win.cc(668)] Failed to read DnsConfig.
[0716/194705.251:WARNING:dns_config_service_win.cc(668)] Failed to read DnsConfig.
[0716/194710.255:WARNING:dns_config_service_win.cc(668)] Failed to read DnsConfig.
[0716/194715.273:WARNING:dns_config_service_win.cc(668)] Failed to read DnsConfig.
[0716/194720.281:WARNING:dns_config_service_win.cc(668)] Failed to read DnsConfig.
[0716/194725.298:WARNING:dns_config_service_win.cc(668)] Failed to read DnsConfig.
[0716/194730.312:WARNING:dns_config_service_win.cc(668)] Failed to read DnsConfig.
[0716/194735.328:WARNING:dns_config_service_win.cc(668)] Failed to read DnsConfig.
[0716/194740.340:WARNING:dns_config_service_win.cc(668)] Failed to read DnsConfig.
[0716/194745.349:WARNING:dns_config_service_win.cc(668)] Failed to read DnsConfig.
[0716/194750.353:WARNING:dns_config_service_win.cc(668)] Failed to read DnsConfig.
[0716/194755.359:WARNING:dns_config_service_win.cc(668)] Failed to read DnsConfig.
[0716/194800.364:WARNING:dns_config_service_win.cc(668)] Failed to read DnsConfig.
[0716/194805.376:WARNING:dns_config_service_win.cc(668)] Failed to read DnsConfig.
[0716/194810.384:WARNING:dns_config_service_win.cc(668)] Failed to read DnsConfig.
[0716/194815.397:WARNING:dns_config_service_win.cc(668)] Failed to read DnsConfig.
[0716/194820.403:WARNING:dns_config_service_win.cc(668)] Failed to read DnsConfig.
[0716/194825.412:WARNING:dns_config_service_win.cc(668)] Failed to read DnsConfig.
[0716/194830.428:WARNING:dns_config_service_win.cc(668)] Failed to read DnsConfig.
[0716/194835.433:WARNING:dns_config_service_win.cc(668)] Failed to read DnsConfig.
[0716/194840.443:WARNING:dns_config_service_win.cc(668)] Failed to read DnsConfig.
[0716/194845.454:WARNING:dns_config_service_win.cc(668)] Failed to read DnsConfig.
[0716/194850.459:WARNING:dns_config_service_win.cc(668)] Failed to read DnsConfig.
[0716/194855.468:WARNING:dns_config_service_win.cc(668)] Failed to read DnsConfig.
[0716/194900.480:WARNING:dns_config_service_win.cc(668)] Failed to read DnsConfig.
[0716/194905.492:WARNING:dns_config_service_win.cc(668)] Failed to read DnsConfig.
[0716/194910.509:WARNING:dns_config_service_win.cc(668)] Failed to read DnsConfig.
[0716/194915.520:WARNING:dns_config_service_win.cc(668)] Failed to read DnsConfig.
[0716/194920.534:WARNING:dns_config_service_win.cc(668)] Failed to read DnsConfig.
[0716/194925.554:WARNING:dns_config_service_win.cc(668)] Failed to read DnsConfig.
[0716/194930.570:WARNING:dns_config_service_win.cc(668)] Failed to read DnsConfig.
[0716/194935.589:WARNING:dns_config_service_win.cc(668)] Failed to read DnsConfig.
[0716/194940.594:WARNING:dns_config_service_win.cc(668)] Failed to read DnsConfig.
[0716/194945.614:WARNING:dns_config_service_win.cc(668)] Failed to read DnsConfig.
[0716/194950.620:WARNING:dns_config_service_win.cc(668)] Failed to read DnsConfig.
[0716/194955.634:WARNING:dns_config_service_win.cc(668)] Failed to read DnsConfig.
[0716/195000.646:WARNING:dns_config_service_win.cc(668)] Failed to read DnsConfig.
[0716/195005.653:WARNING:dns_config_service_win.cc(668)] Failed to read DnsConfig.
[0716/195010.669:WARNING:dns_config_service_win.cc(668)] Failed to read DnsConfig.
[0716/195015.683:WARNING:dns_config_service_win.cc(668)] Failed to read DnsConfig.
[0716/195020.695:WARNING:dns_config_service_win.cc(668)] Failed to read DnsConfig.
[0716/195025.714:WARNING:dns_config_service_win.cc(668)] Failed to read DnsConfig.
[0716/195030.725:WARNING:dns_config_service_win.cc(668)] Failed to read DnsConfig.
[0716/195035.737:WARNING:dns_config_service_win.cc(668)] Failed to read DnsConfig.
[0716/195040.748:WARNING:dns_config_service_win.cc(668)] Failed to read DnsConfig.
[0716/195045.765:WARNING:dns_config_service_win.cc(668)] Failed to read DnsConfig.
[0716/195050.784:WARNING:dns_config_service_win.cc(668)] Failed to read DnsConfig.
[0716/195055.788:WARNING:dns_config_service_win.cc(668)] Failed to read DnsConfig.
[0716/195100.792:WARNING:dns_config_service_win.cc(668)] Failed to read DnsConfig.
[0716/195105.798:WARNING:dns_config_service_win.cc(668)] Failed to read DnsConfig.
[0716/195110.816:WARNING:dns_config_service_win.cc(668)] Failed to read DnsConfig.
[0716/195115.823:WARNING:dns_config_service_win.cc(668)] Failed to read DnsConfig.
[0716/195120.832:WARNING:dns_config_service_win.cc(668)] Failed to read DnsConfig.
[0716/195125.837:WARNING:dns_config_service_win.cc(668)] Failed to read DnsConfig.
[0716/195130.846:WARNING:dns_config_service_win.cc(668)] Failed to read DnsConfig.
[0716/195135.864:WARNING:dns_config_service_win.cc(668)] Failed to read DnsConfig.
[0716/195140.877:WARNING:dns_config_service_win.cc(668)] Failed to read DnsConfig.
[0716/195145.894:WARNING:dns_config_service_win.cc(668)] Failed to read DnsConfig.
[0716/195150.901:WARNING:dns_config_service_win.cc(668)] Failed to read DnsConfig.
[0716/195155.905:WARNING:dns_config_service_win.cc(668)] Failed to read DnsConfig.
[0716/195200.915:WARNING:dns_config_service_win.cc(668)] Failed to read DnsConfig.
[0716/195205.934:WARNING:dns_config_service_win.cc(668)] Failed to read DnsConfig.
[0716/195210.951:WARNING:dns_config_service_win.cc(668)] Failed to read DnsConfig.
[0716/195215.963:WARNING:dns_config_service_win.cc(668)] Failed to read DnsConfig.
[0716/195220.980:WARNING:dns_config_service_win.cc(668)] Failed to read DnsConfig.
[0716/195225.985:WARNING:dns_config_service_win.cc(668)] Failed to read DnsConfig.
[0716/195231.004:WARNING:dns_config_service_win.cc(668)] Failed to read DnsConfig.
[0716/195236.017:WARNING:dns_config_service_win.cc(668)] Failed to read DnsConfig.
[0716/195241.027:WARNING:dns_config_service_win.cc(668)] Failed to read DnsConfig.
[0716/195246.031:WARNING:dns_config_service_win.cc(668)] Failed to read DnsConfig.
[0716/195251.044:WARNING:dns_config_service_win.cc(668)] Failed to read DnsConfig.
[0716/195256.064:WARNING:dns_config_service_win.cc(668)] Failed to read DnsConfig.
[0716/195301.074:WARNING:dns_config_service_win.cc(668)] Failed to read DnsConfig.
[0716/195306.087:WARNING:dns_config_service_win.cc(668)] Failed to read DnsConfig.
[0716/195311.096:WARNING:dns_config_service_win.cc(668)] Failed to read DnsConfig.
[0716/195316.103:WARNING:dns_config_service_win.cc(668)] Failed to read DnsConfig.
[0716/195321.108:WARNING:dns_config_service_win.cc(668)] Failed to read DnsConfig.
[0716/195326.127:WARNING:dns_config_service_win.cc(668)] Failed to read DnsConfig.
[0716/195331.135:WARNING:dns_config_service_win.cc(668)] Failed to read DnsConfig.
[0716/195336.142:WARNING:dns_config_service_win.cc(668)] Failed to read DnsConfig.
[0716/195341.152:WARNING:dns_config_service_win.cc(668)] Failed to read DnsConfig.
[0716/195346.160:WARNING:dns_config_service_win.cc(668)] Failed to read DnsConfig.
[0716/195351.167:WARNING:dns_config_service_win.cc(668)] Failed to read DnsConfig.
[0716/195356.179:WARNING:dns_config_service_win.cc(668)] Failed to read DnsConfig.
[0716/195401.192:WARNING:dns_config_service_win.cc(668)] Failed to read DnsConfig.
[0716/195406.195:WARNING:dns_config_service_win.cc(668)] Failed to read DnsConfig.
[0716/195411.202:WARNING:dns_config_service_win.cc(668)] Failed to read DnsConfig.
[0716/202502.551:WARNING:dns_config_service_win.cc(668)] Failed to read DnsConfig.
[0716/210804.867:ERROR:browser_gpu_channel_host_factory.cc(139)] Failed to launch GPU process.
[0716/210804.882:ERROR:browser_gpu_channel_host_factory.cc(139)] Failed to launch GPU process.
[0716/210804.908:ERROR:browser_gpu_channel_host_factory.cc(139)] Failed to launch GPU process.
[0716/210804.943:ERROR:browser_gpu_channel_host_factory.cc(139)] Failed to launch GPU process.
[0716/210804.970:ERROR:browser_gpu_channel_host_factory.cc(139)] Failed to launch GPU process.
